#
# There is insufficient memory for the Java Runtime Environment to continue.
# Native memory allocation (malloc) failed to allocate 1117696 bytes. Error detail: Chunk::new
# Possible reasons:
#   The system is out of physical RAM or swap space
#   This process is running with CompressedOops enabled, and the Java Heap may be blocking the growth of the native heap
# Possible solutions:
#   Reduce memory load on the system
#   Increase physical memory or swap space
#   Check if swap backing store is full
#   Decrease Java heap size (-Xmx/-Xms)
#   Decrease number of Java threads
#   Decrease Java thread stack sizes (-Xss)
#   Set larger code cache with -XX:ReservedCodeCacheSize=
#   JVM is running with Unscaled Compressed Oops mode in which the Java heap is
#     placed in the first 4GB address space. The Java Heap base address is the
#     maximum limit for the native heap growth. Please use -XX:HeapBaseMinAddress
#     to set the Java Heap base and to place the Java Heap above 4GB virtual address.
# This output file may be truncated or incomplete.
#
#  Out of Memory Error (arena.cpp:168), pid=35880, tid=35960
#
# JRE version: OpenJDK Runtime Environment (21.0.5) (build 21.0.5+-12932927-b750.29)
# Java VM: OpenJDK 64-Bit Server VM (21.0.5+-12932927-b750.29, mixed mode, tiered, compressed oops, compressed class ptrs, g1 gc, windows-amd64)
# No core dump will be written. Minidumps are not enabled by default on client versions of Windows
#

---------------  S U M M A R Y ------------

Command Line: git4idea.http.GitAskPassApp Username for 'https://github.com': 

Host: AMD Ryzen 5 7520U with Radeon Graphics         , 8 cores, 5G,  Windows 11 , 64 bit Build 26100 (10.0.26100.3912)
Time: Thu May 22 11:42:24 2025 South Africa Standard Time elapsed time: 7.256364 seconds (0d 0h 0m 7s)

---------------  T H R E A D  ---------------

Current thread (0x0000019830810ee0):  JavaThread "C2 CompilerThread0" daemon [_thread_in_native, id=35960, stack(0x00000023de700000,0x00000023de800000) (1024K)]


Current CompileTask:
C2:7256 1087       4       sun.security.ec.ECOperations::setDouble (463 bytes)

Stack: [0x00000023de700000,0x00000023de800000]
Native frames: (J=compiled Java code, j=interpreted, Vv=VM code, C=native code)
V  [jvm.dll+0x6cfb29]
V  [jvm.dll+0x85ded3]
V  [jvm.dll+0x86042e]
V  [jvm.dll+0x860b13]
V  [jvm.dll+0x27e6b6]
V  [jvm.dll+0xbff6d]
V  [jvm.dll+0xc04a3]
V  [jvm.dll+0x2f2750]
V  [jvm.dll+0x5fa0c9]
V  [jvm.dll+0x250d62]
V  [jvm.dll+0x25111f]
V  [jvm.dll+0x2498d5]
V  [jvm.dll+0x24712e]
V  [jvm.dll+0x1c5ee4]
V  [jvm.dll+0x25697c]
V  [jvm.dll+0x254ec6]
V  [jvm.dll+0x3f0ce6]
V  [jvm.dll+0x806368]
V  [jvm.dll+0x6ce3fd]
C  [ucrtbase.dll+0x37b0]
C  [KERNEL32.DLL+0x2e8d7]
C  [ntdll.dll+0x9c5dc]


---------------  P R O C E S S  ---------------

Threads class SMR info:
_java_thread_list=0x000001983536e340, length=14, elements={
0x0000019817a18a40, 0x00000198307e7790, 0x00000198307ead70, 0x00000198307d3300,
0x00000198307d3d50, 0x000001983080bc90, 0x000001983080ee70, 0x0000019830810ee0,
0x0000019830815720, 0x00000198309a6fc0, 0x00000198309b1640, 0x00000198353201e0,
0x00000198353af6b0, 0x00000198353fa890
}

Java Threads: ( => current thread )
  0x0000019817a18a40 JavaThread "main"                              [_thread_in_native, id=29636, stack(0x00000023dd900000,0x00000023dda00000) (1024K)]
  0x00000198307e7790 JavaThread "Reference Handler"          daemon [_thread_blocked, id=35964, stack(0x00000023de100000,0x00000023de200000) (1024K)]
  0x00000198307ead70 JavaThread "Finalizer"                  daemon [_thread_blocked, id=35980, stack(0x00000023de200000,0x00000023de300000) (1024K)]
  0x00000198307d3300 JavaThread "Signal Dispatcher"          daemon [_thread_blocked, id=35956, stack(0x00000023de300000,0x00000023de400000) (1024K)]
  0x00000198307d3d50 JavaThread "Attach Listener"            daemon [_thread_blocked, id=35948, stack(0x00000023de400000,0x00000023de500000) (1024K)]
  0x000001983080bc90 JavaThread "Service Thread"             daemon [_thread_blocked, id=35944, stack(0x00000023de500000,0x00000023de600000) (1024K)]
  0x000001983080ee70 JavaThread "Monitor Deflation Thread"   daemon [_thread_blocked, id=35940, stack(0x00000023de600000,0x00000023de700000) (1024K)]
=>0x0000019830810ee0 JavaThread "C2 CompilerThread0"         daemon [_thread_in_native, id=35960, stack(0x00000023de700000,0x00000023de800000) (1024K)]
  0x0000019830815720 JavaThread "C1 CompilerThread0"         daemon [_thread_blocked, id=35908, stack(0x00000023de800000,0x00000023de900000) (1024K)]
  0x00000198309a6fc0 JavaThread "Notification Thread"        daemon [_thread_blocked, id=35936, stack(0x00000023de900000,0x00000023dea00000) (1024K)]
  0x00000198309b1640 JavaThread "Common-Cleaner"             daemon [_thread_blocked, id=35932, stack(0x00000023dea00000,0x00000023deb00000) (1024K)]
  0x00000198353201e0 JavaThread "HttpClient-1-SelectorManager" daemon [_thread_in_native, id=36056, stack(0x00000023deb00000,0x00000023dec00000) (1024K)]
  0x00000198353af6b0 JavaThread "HttpClient-1-Worker-0"      daemon [_thread_blocked, id=36044, stack(0x00000023ded00000,0x00000023dee00000) (1024K)]
  0x00000198353fa890 JavaThread "HttpClient-1-Worker-1"      daemon [_thread_blocked, id=36040, stack(0x00000023dee00000,0x00000023def00000) (1024K)]
Total: 14

Other Threads:
  0x000001983052a650 VMThread "VM Thread"                           [id=35992, stack(0x00000023de000000,0x00000023de100000) (1024K)]
  0x0000019830492420 WatcherThread "VM Periodic Task Thread"        [id=35916, stack(0x00000023ddf00000,0x00000023de000000) (1024K)]
  0x0000019817a5c200 WorkerThread "GC Thread#0"                     [id=33312, stack(0x00000023dda00000,0x00000023ddb00000) (1024K)]
  0x0000019817a689a0 ConcurrentGCThread "G1 Main Marker"            [id=35052, stack(0x00000023ddb00000,0x00000023ddc00000) (1024K)]
  0x0000019817a694a0 WorkerThread "G1 Conc#0"                       [id=34848, stack(0x00000023ddc00000,0x00000023ddd00000) (1024K)]
  0x0000019817ade4c0 ConcurrentGCThread "G1 Refine#0"               [id=35928, stack(0x00000023ddd00000,0x00000023dde00000) (1024K)]
  0x00000198303640c0 ConcurrentGCThread "G1 Service"                [id=35924, stack(0x00000023dde00000,0x00000023ddf00000) (1024K)]
Total: 7

Threads with active compile tasks:
C2 CompilerThread0  7313 1087       4       sun.security.ec.ECOperations::setDouble (463 bytes)
Total: 1

VM state: not at safepoint (normal execution)

VM Mutex/Monitor currently owned by a thread: None

Heap address: 0x00000000a4200000, size: 1470 MB, Compressed Oops mode: 32-bit

CDS archive(s) not mapped
Compressed class space mapped at: 0x0000000100000000-0x0000000140000000, reserved size: 1073741824
Narrow klass base: 0x0000000000000000, Narrow klass shift: 3, Narrow klass range: 0x140000000

GC Precious Log:
 CardTable entry size: 512
 Card Set container configuration: InlinePtr #cards 5 size 8 Array Of Cards #cards 12 size 40 Howl #buckets 4 coarsen threshold 1843 Howl Bitmap #cards 512 size 80 coarsen threshold 460 Card regions per heap region 1 cards per card region 2048
 CPUs: 8 total, 8 available
 Memory: 5877M
 Large Page Support: Disabled
 NUMA Support: Disabled
 Compressed Oops: Enabled (32-bit)
 Heap Region Size: 1M
 Heap Min Capacity: 8M
 Heap Initial Capacity: 92M
 Heap Max Capacity: 1470M
 Pre-touch: Disabled
 Parallel Workers: 8
 Concurrent Workers: 2
 Concurrent Refinement Workers: 8
 Periodic GC: Disabled

Heap:
 garbage-first heap   total 94208K, used 12288K [0x00000000a4200000, 0x0000000100000000)
  region size 1024K, 13 young (13312K), 0 survivors (0K)
 Metaspace       used 15814K, committed 16064K, reserved 1114112K
  class space    used 1657K, committed 1792K, reserved 1048576K

Heap Regions: E=young(eden), S=young(survivor), O=old, HS=humongous(starts), HC=humongous(continues), CS=collection set, F=free, TAMS=top-at-mark-start, PB=parsable bottom
|   0|0x00000000a4200000, 0x00000000a4200000, 0x00000000a4300000|  0%| F|  |TAMS 0x00000000a4200000| PB 0x00000000a4200000| Untracked 
|   1|0x00000000a4300000, 0x00000000a4300000, 0x00000000a4400000|  0%| F|  |TAMS 0x00000000a4300000| PB 0x00000000a4300000| Untracked 
|   2|0x00000000a4400000, 0x00000000a4400000, 0x00000000a4500000|  0%| F|  |TAMS 0x00000000a4400000| PB 0x00000000a4400000| Untracked 
|   3|0x00000000a4500000, 0x00000000a4500000, 0x00000000a4600000|  0%| F|  |TAMS 0x00000000a4500000| PB 0x00000000a4500000| Untracked 
|   4|0x00000000a4600000, 0x00000000a4600000, 0x00000000a4700000|  0%| F|  |TAMS 0x00000000a4600000| PB 0x00000000a4600000| Untracked 
|   5|0x00000000a4700000, 0x00000000a4700000, 0x00000000a4800000|  0%| F|  |TAMS 0x00000000a4700000| PB 0x00000000a4700000| Untracked 
|   6|0x00000000a4800000, 0x00000000a4800000, 0x00000000a4900000|  0%| F|  |TAMS 0x00000000a4800000| PB 0x00000000a4800000| Untracked 
|   7|0x00000000a4900000, 0x00000000a4900000, 0x00000000a4a00000|  0%| F|  |TAMS 0x00000000a4900000| PB 0x00000000a4900000| Untracked 
|   8|0x00000000a4a00000, 0x00000000a4a00000, 0x00000000a4b00000|  0%| F|  |TAMS 0x00000000a4a00000| PB 0x00000000a4a00000| Untracked 
|   9|0x00000000a4b00000, 0x00000000a4b00000, 0x00000000a4c00000|  0%| F|  |TAMS 0x00000000a4b00000| PB 0x00000000a4b00000| Untracked 
|  10|0x00000000a4c00000, 0x00000000a4c00000, 0x00000000a4d00000|  0%| F|  |TAMS 0x00000000a4c00000| PB 0x00000000a4c00000| Untracked 
|  11|0x00000000a4d00000, 0x00000000a4d00000, 0x00000000a4e00000|  0%| F|  |TAMS 0x00000000a4d00000| PB 0x00000000a4d00000| Untracked 
|  12|0x00000000a4e00000, 0x00000000a4e00000, 0x00000000a4f00000|  0%| F|  |TAMS 0x00000000a4e00000| PB 0x00000000a4e00000| Untracked 
|  13|0x00000000a4f00000, 0x00000000a4f00000, 0x00000000a5000000|  0%| F|  |TAMS 0x00000000a4f00000| PB 0x00000000a4f00000| Untracked 
|  14|0x00000000a5000000, 0x00000000a5000000, 0x00000000a5100000|  0%| F|  |TAMS 0x00000000a5000000| PB 0x00000000a5000000| Untracked 
|  15|0x00000000a5100000, 0x00000000a5100000, 0x00000000a5200000|  0%| F|  |TAMS 0x00000000a5100000| PB 0x00000000a5100000| Untracked 
|  16|0x00000000a5200000, 0x00000000a5200000, 0x00000000a5300000|  0%| F|  |TAMS 0x00000000a5200000| PB 0x00000000a5200000| Untracked 
|  17|0x00000000a5300000, 0x00000000a5300000, 0x00000000a5400000|  0%| F|  |TAMS 0x00000000a5300000| PB 0x00000000a5300000| Untracked 
|  18|0x00000000a5400000, 0x00000000a5400000, 0x00000000a5500000|  0%| F|  |TAMS 0x00000000a5400000| PB 0x00000000a5400000| Untracked 
|  19|0x00000000a5500000, 0x00000000a5500000, 0x00000000a5600000|  0%| F|  |TAMS 0x00000000a5500000| PB 0x00000000a5500000| Untracked 
|  20|0x00000000a5600000, 0x00000000a5600000, 0x00000000a5700000|  0%| F|  |TAMS 0x00000000a5600000| PB 0x00000000a5600000| Untracked 
|  21|0x00000000a5700000, 0x00000000a5700000, 0x00000000a5800000|  0%| F|  |TAMS 0x00000000a5700000| PB 0x00000000a5700000| Untracked 
|  22|0x00000000a5800000, 0x00000000a5800000, 0x00000000a5900000|  0%| F|  |TAMS 0x00000000a5800000| PB 0x00000000a5800000| Untracked 
|  23|0x00000000a5900000, 0x00000000a5900000, 0x00000000a5a00000|  0%| F|  |TAMS 0x00000000a5900000| PB 0x00000000a5900000| Untracked 
|  24|0x00000000a5a00000, 0x00000000a5a00000, 0x00000000a5b00000|  0%| F|  |TAMS 0x00000000a5a00000| PB 0x00000000a5a00000| Untracked 
|  25|0x00000000a5b00000, 0x00000000a5b00000, 0x00000000a5c00000|  0%| F|  |TAMS 0x00000000a5b00000| PB 0x00000000a5b00000| Untracked 
|  26|0x00000000a5c00000, 0x00000000a5c00000, 0x00000000a5d00000|  0%| F|  |TAMS 0x00000000a5c00000| PB 0x00000000a5c00000| Untracked 
|  27|0x00000000a5d00000, 0x00000000a5d00000, 0x00000000a5e00000|  0%| F|  |TAMS 0x00000000a5d00000| PB 0x00000000a5d00000| Untracked 
|  28|0x00000000a5e00000, 0x00000000a5e00000, 0x00000000a5f00000|  0%| F|  |TAMS 0x00000000a5e00000| PB 0x00000000a5e00000| Untracked 
|  29|0x00000000a5f00000, 0x00000000a5f00000, 0x00000000a6000000|  0%| F|  |TAMS 0x00000000a5f00000| PB 0x00000000a5f00000| Untracked 
|  30|0x00000000a6000000, 0x00000000a6000000, 0x00000000a6100000|  0%| F|  |TAMS 0x00000000a6000000| PB 0x00000000a6000000| Untracked 
|  31|0x00000000a6100000, 0x00000000a6100000, 0x00000000a6200000|  0%| F|  |TAMS 0x00000000a6100000| PB 0x00000000a6100000| Untracked 
|  32|0x00000000a6200000, 0x00000000a6200000, 0x00000000a6300000|  0%| F|  |TAMS 0x00000000a6200000| PB 0x00000000a6200000| Untracked 
|  33|0x00000000a6300000, 0x00000000a6300000, 0x00000000a6400000|  0%| F|  |TAMS 0x00000000a6300000| PB 0x00000000a6300000| Untracked 
|  34|0x00000000a6400000, 0x00000000a6400000, 0x00000000a6500000|  0%| F|  |TAMS 0x00000000a6400000| PB 0x00000000a6400000| Untracked 
|  35|0x00000000a6500000, 0x00000000a6500000, 0x00000000a6600000|  0%| F|  |TAMS 0x00000000a6500000| PB 0x00000000a6500000| Untracked 
|  36|0x00000000a6600000, 0x00000000a6600000, 0x00000000a6700000|  0%| F|  |TAMS 0x00000000a6600000| PB 0x00000000a6600000| Untracked 
|  37|0x00000000a6700000, 0x00000000a6700000, 0x00000000a6800000|  0%| F|  |TAMS 0x00000000a6700000| PB 0x00000000a6700000| Untracked 
|  38|0x00000000a6800000, 0x00000000a6800000, 0x00000000a6900000|  0%| F|  |TAMS 0x00000000a6800000| PB 0x00000000a6800000| Untracked 
|  39|0x00000000a6900000, 0x00000000a6900000, 0x00000000a6a00000|  0%| F|  |TAMS 0x00000000a6900000| PB 0x00000000a6900000| Untracked 
|  40|0x00000000a6a00000, 0x00000000a6a00000, 0x00000000a6b00000|  0%| F|  |TAMS 0x00000000a6a00000| PB 0x00000000a6a00000| Untracked 
|  41|0x00000000a6b00000, 0x00000000a6b00000, 0x00000000a6c00000|  0%| F|  |TAMS 0x00000000a6b00000| PB 0x00000000a6b00000| Untracked 
|  42|0x00000000a6c00000, 0x00000000a6c00000, 0x00000000a6d00000|  0%| F|  |TAMS 0x00000000a6c00000| PB 0x00000000a6c00000| Untracked 
|  43|0x00000000a6d00000, 0x00000000a6d00000, 0x00000000a6e00000|  0%| F|  |TAMS 0x00000000a6d00000| PB 0x00000000a6d00000| Untracked 
|  44|0x00000000a6e00000, 0x00000000a6e00000, 0x00000000a6f00000|  0%| F|  |TAMS 0x00000000a6e00000| PB 0x00000000a6e00000| Untracked 
|  45|0x00000000a6f00000, 0x00000000a6f00000, 0x00000000a7000000|  0%| F|  |TAMS 0x00000000a6f00000| PB 0x00000000a6f00000| Untracked 
|  46|0x00000000a7000000, 0x00000000a7000000, 0x00000000a7100000|  0%| F|  |TAMS 0x00000000a7000000| PB 0x00000000a7000000| Untracked 
|  47|0x00000000a7100000, 0x00000000a7100000, 0x00000000a7200000|  0%| F|  |TAMS 0x00000000a7100000| PB 0x00000000a7100000| Untracked 
|  48|0x00000000a7200000, 0x00000000a7200000, 0x00000000a7300000|  0%| F|  |TAMS 0x00000000a7200000| PB 0x00000000a7200000| Untracked 
|  49|0x00000000a7300000, 0x00000000a7300000, 0x00000000a7400000|  0%| F|  |TAMS 0x00000000a7300000| PB 0x00000000a7300000| Untracked 
|  50|0x00000000a7400000, 0x00000000a7400000, 0x00000000a7500000|  0%| F|  |TAMS 0x00000000a7400000| PB 0x00000000a7400000| Untracked 
|  51|0x00000000a7500000, 0x00000000a7500000, 0x00000000a7600000|  0%| F|  |TAMS 0x00000000a7500000| PB 0x00000000a7500000| Untracked 
|  52|0x00000000a7600000, 0x00000000a7600000, 0x00000000a7700000|  0%| F|  |TAMS 0x00000000a7600000| PB 0x00000000a7600000| Untracked 
|  53|0x00000000a7700000, 0x00000000a7700000, 0x00000000a7800000|  0%| F|  |TAMS 0x00000000a7700000| PB 0x00000000a7700000| Untracked 
|  54|0x00000000a7800000, 0x00000000a7800000, 0x00000000a7900000|  0%| F|  |TAMS 0x00000000a7800000| PB 0x00000000a7800000| Untracked 
|  55|0x00000000a7900000, 0x00000000a7900000, 0x00000000a7a00000|  0%| F|  |TAMS 0x00000000a7900000| PB 0x00000000a7900000| Untracked 
|  56|0x00000000a7a00000, 0x00000000a7a00000, 0x00000000a7b00000|  0%| F|  |TAMS 0x00000000a7a00000| PB 0x00000000a7a00000| Untracked 
|  57|0x00000000a7b00000, 0x00000000a7b00000, 0x00000000a7c00000|  0%| F|  |TAMS 0x00000000a7b00000| PB 0x00000000a7b00000| Untracked 
|  58|0x00000000a7c00000, 0x00000000a7c00000, 0x00000000a7d00000|  0%| F|  |TAMS 0x00000000a7c00000| PB 0x00000000a7c00000| Untracked 
|  59|0x00000000a7d00000, 0x00000000a7d00000, 0x00000000a7e00000|  0%| F|  |TAMS 0x00000000a7d00000| PB 0x00000000a7d00000| Untracked 
|  60|0x00000000a7e00000, 0x00000000a7e00000, 0x00000000a7f00000|  0%| F|  |TAMS 0x00000000a7e00000| PB 0x00000000a7e00000| Untracked 
|  61|0x00000000a7f00000, 0x00000000a7f00000, 0x00000000a8000000|  0%| F|  |TAMS 0x00000000a7f00000| PB 0x00000000a7f00000| Untracked 
|  62|0x00000000a8000000, 0x00000000a8000000, 0x00000000a8100000|  0%| F|  |TAMS 0x00000000a8000000| PB 0x00000000a8000000| Untracked 
|  63|0x00000000a8100000, 0x00000000a8100000, 0x00000000a8200000|  0%| F|  |TAMS 0x00000000a8100000| PB 0x00000000a8100000| Untracked 
|  64|0x00000000a8200000, 0x00000000a8200000, 0x00000000a8300000|  0%| F|  |TAMS 0x00000000a8200000| PB 0x00000000a8200000| Untracked 
|  65|0x00000000a8300000, 0x00000000a8300000, 0x00000000a8400000|  0%| F|  |TAMS 0x00000000a8300000| PB 0x00000000a8300000| Untracked 
|  66|0x00000000a8400000, 0x00000000a8400000, 0x00000000a8500000|  0%| F|  |TAMS 0x00000000a8400000| PB 0x00000000a8400000| Untracked 
|  67|0x00000000a8500000, 0x00000000a8500000, 0x00000000a8600000|  0%| F|  |TAMS 0x00000000a8500000| PB 0x00000000a8500000| Untracked 
|  68|0x00000000a8600000, 0x00000000a8600000, 0x00000000a8700000|  0%| F|  |TAMS 0x00000000a8600000| PB 0x00000000a8600000| Untracked 
|  69|0x00000000a8700000, 0x00000000a8700000, 0x00000000a8800000|  0%| F|  |TAMS 0x00000000a8700000| PB 0x00000000a8700000| Untracked 
|  70|0x00000000a8800000, 0x00000000a8800000, 0x00000000a8900000|  0%| F|  |TAMS 0x00000000a8800000| PB 0x00000000a8800000| Untracked 
|  71|0x00000000a8900000, 0x00000000a8900000, 0x00000000a8a00000|  0%| F|  |TAMS 0x00000000a8900000| PB 0x00000000a8900000| Untracked 
|  72|0x00000000a8a00000, 0x00000000a8a00000, 0x00000000a8b00000|  0%| F|  |TAMS 0x00000000a8a00000| PB 0x00000000a8a00000| Untracked 
|  73|0x00000000a8b00000, 0x00000000a8b00000, 0x00000000a8c00000|  0%| F|  |TAMS 0x00000000a8b00000| PB 0x00000000a8b00000| Untracked 
|  74|0x00000000a8c00000, 0x00000000a8c00000, 0x00000000a8d00000|  0%| F|  |TAMS 0x00000000a8c00000| PB 0x00000000a8c00000| Untracked 
|  75|0x00000000a8d00000, 0x00000000a8d00000, 0x00000000a8e00000|  0%| F|  |TAMS 0x00000000a8d00000| PB 0x00000000a8d00000| Untracked 
|  76|0x00000000a8e00000, 0x00000000a8e00000, 0x00000000a8f00000|  0%| F|  |TAMS 0x00000000a8e00000| PB 0x00000000a8e00000| Untracked 
|  77|0x00000000a8f00000, 0x00000000a8f00000, 0x00000000a9000000|  0%| F|  |TAMS 0x00000000a8f00000| PB 0x00000000a8f00000| Untracked 
|  78|0x00000000a9000000, 0x00000000a9000000, 0x00000000a9100000|  0%| F|  |TAMS 0x00000000a9000000| PB 0x00000000a9000000| Untracked 
|  79|0x00000000a9100000, 0x00000000a9200000, 0x00000000a9200000|100%| E|  |TAMS 0x00000000a9100000| PB 0x00000000a9100000| Complete 
|  80|0x00000000a9200000, 0x00000000a9300000, 0x00000000a9300000|100%| E|CS|TAMS 0x00000000a9200000| PB 0x00000000a9200000| Complete 
|  81|0x00000000a9300000, 0x00000000a9400000, 0x00000000a9400000|100%| E|CS|TAMS 0x00000000a9300000| PB 0x00000000a9300000| Complete 
|  82|0x00000000a9400000, 0x00000000a9500000, 0x00000000a9500000|100%| E|CS|TAMS 0x00000000a9400000| PB 0x00000000a9400000| Complete 
|  83|0x00000000a9500000, 0x00000000a9600000, 0x00000000a9600000|100%| E|CS|TAMS 0x00000000a9500000| PB 0x00000000a9500000| Complete 
|  84|0x00000000a9600000, 0x00000000a9700000, 0x00000000a9700000|100%| E|CS|TAMS 0x00000000a9600000| PB 0x00000000a9600000| Complete 
|  85|0x00000000a9700000, 0x00000000a9800000, 0x00000000a9800000|100%| E|CS|TAMS 0x00000000a9700000| PB 0x00000000a9700000| Complete 
|  86|0x00000000a9800000, 0x00000000a9900000, 0x00000000a9900000|100%| E|CS|TAMS 0x00000000a9800000| PB 0x00000000a9800000| Complete 
|  87|0x00000000a9900000, 0x00000000a9a00000, 0x00000000a9a00000|100%| E|CS|TAMS 0x00000000a9900000| PB 0x00000000a9900000| Complete 
|  88|0x00000000a9a00000, 0x00000000a9b00000, 0x00000000a9b00000|100%| E|CS|TAMS 0x00000000a9a00000| PB 0x00000000a9a00000| Complete 
|  89|0x00000000a9b00000, 0x00000000a9c00000, 0x00000000a9c00000|100%| E|CS|TAMS 0x00000000a9b00000| PB 0x00000000a9b00000| Complete 
|  90|0x00000000a9c00000, 0x00000000a9d00000, 0x00000000a9d00000|100%| E|CS|TAMS 0x00000000a9c00000| PB 0x00000000a9c00000| Complete 
|  91|0x00000000a9d00000, 0x00000000a9e00000, 0x00000000a9e00000|100%| E|CS|TAMS 0x00000000a9d00000| PB 0x00000000a9d00000| Complete 

Card table byte_map: [0x000001982c090000,0x000001982c370000] _byte_map_base: 0x000001982bb6f000

Marking Bits: (CMBitMap*) 0x0000019817a5c900
 Bits: [0x000001982c370000, 0x000001982da68000)

Polling page: 0x0000019817ae0000

Metaspace:

Usage:
  Non-class:     13.83 MB used.
      Class:      1.62 MB used.
       Both:     15.44 MB used.

Virtual space:
  Non-class space:       64.00 MB reserved,      13.94 MB ( 22%) committed,  1 nodes.
      Class space:        1.00 GB reserved,       1.75 MB ( <1%) committed,  1 nodes.
             Both:        1.06 GB reserved,      15.69 MB (  1%) committed. 

Chunk freelists:
   Non-Class:  2.00 MB
       Class:  14.17 MB
        Both:  16.17 MB

MaxMetaspaceSize: unlimited
CompressedClassSpaceSize: 1.00 GB
Initial GC threshold: 21.00 MB
Current GC threshold: 21.00 MB
CDS: off
 - commit_granule_bytes: 65536.
 - commit_granule_words: 8192.
 - virtual_space_node_default_size: 8388608.
 - enlarge_chunks_in_place: 1.
 - use_allocation_guard: 0.


Internal statistics:

num_allocs_failed_limit: 0.
num_arena_births: 224.
num_arena_deaths: 0.
num_vsnodes_births: 2.
num_vsnodes_deaths: 0.
num_space_committed: 251.
num_space_uncommitted: 0.
num_chunks_returned_to_freelist: 0.
num_chunks_taken_from_freelist: 399.
num_chunk_merges: 0.
num_chunk_splits: 219.
num_chunks_enlarged: 97.
num_inconsistent_stats: 0.

CodeHeap 'non-profiled nmethods': size=120000Kb used=375Kb max_used=375Kb free=119624Kb
 bounds [0x0000019823e20000, 0x0000019824090000, 0x000001982b350000]
CodeHeap 'profiled nmethods': size=120000Kb used=1740Kb max_used=1740Kb free=118259Kb
 bounds [0x000001981c350000, 0x000001981c5c0000, 0x0000019823880000]
CodeHeap 'non-nmethods': size=5760Kb used=1405Kb max_used=1420Kb free=4354Kb
 bounds [0x0000019823880000, 0x0000019823af0000, 0x0000019823e20000]
 total_blobs=1617 nmethods=1105 adapters=417
 compilation: enabled
              stopped_count=0, restarted_count=0
 full_count=0

Compilation events (20 events):
Event: 2.981 Thread 0x0000019830810ee0 nmethod 1088 0x0000019823e78890 code [0x0000019823e78a80, 0x0000019823e79510]
Event: 2.981 Thread 0x0000019830810ee0 1077       4       sun.security.util.math.intpoly.IntegerPolynomial$MutableElement::setDifference (6 bytes)
Event: 2.988 Thread 0x0000019830810ee0 nmethod 1077 0x0000019823e79c10 code [0x0000019823e79dc0, 0x0000019823e7a0c0]
Event: 2.988 Thread 0x0000019830810ee0 1067       4       sun.security.util.math.intpoly.IntegerPolynomial$MutableElement::setSum (6 bytes)
Event: 2.994 Thread 0x0000019830810ee0 nmethod 1067 0x0000019823e7a290 code [0x0000019823e7a440, 0x0000019823e7a750]
Event: 2.994 Thread 0x0000019830810ee0 1046       4       sun.security.util.math.intpoly.IntegerPolynomialP256::carryReduce (454 bytes)
Event: 2.996 Thread 0x0000019830810ee0 nmethod 1046 0x0000019823e7a910 code [0x0000019823e7aaa0, 0x0000019823e7ad88]
Event: 2.996 Thread 0x0000019830810ee0 1071       4       sun.security.util.math.intpoly.IntegerPolynomial$MutableElement::setProduct (58 bytes)
Event: 3.005 Thread 0x0000019830810ee0 nmethod 1071 0x0000019823e7ae90 code [0x0000019823e7b060, 0x0000019823e7b4f8]
Event: 3.005 Thread 0x0000019830810ee0 1075       4       sun.security.util.math.intpoly.IntegerPolynomial$MutableElement::setSquare (5 bytes)
Event: 3.006 Thread 0x0000019830810ee0 nmethod 1075 0x0000019823e7b790 code [0x0000019823e7b940, 0x0000019823e7ba88]
Event: 3.006 Thread 0x0000019830810ee0 1076       4       sun.security.util.math.intpoly.IntegerPolynomial$MutableElement::setSquare (52 bytes)
Event: 3.007 Thread 0x0000019830810ee0 nmethod 1076 0x0000019823e7bc10 code [0x0000019823e7bdc0, 0x0000019823e7bf08]
Event: 3.007 Thread 0x0000019830810ee0 1080       4       sun.security.util.math.intpoly.IntegerPolynomialP256::square (613 bytes)
Event: 3.016 Thread 0x0000019830810ee0 nmethod 1080 0x0000019823e7c010 code [0x0000019823e7c1c0, 0x0000019823e7c718]
Event: 3.016 Thread 0x0000019830810ee0 1083       4       sun.security.ec.point.ProjectivePoint$Mutable::conditionalSet (53 bytes)
Event: 3.041 Thread 0x0000019830810ee0 nmethod 1083 0x0000019823e7c890 code [0x0000019823e7ca80, 0x0000019823e7d370]
Event: 3.041 Thread 0x0000019830810ee0 1070       4       sun.security.util.math.intpoly.IntegerPolynomialP256::reduce (40 bytes)
Event: 3.042 Thread 0x0000019830810ee0 nmethod 1070 0x0000019823e7d890 code [0x0000019823e7da20, 0x0000019823e7db58]
Event: 3.042 Thread 0x0000019830810ee0 1087       4       sun.security.ec.ECOperations::setDouble (463 bytes)

GC Heap History (0 events):
No events

Dll operation events (2 events):
Event: 0.159 Loaded shared library C:\Program Files\Android\Android Studio\jbr\bin\java.dll
Event: 0.188 Loaded shared library C:\Program Files\Android\Android Studio\jbr\bin\zip.dll

Deoptimization events (8 events):
Event: 1.179 Thread 0x0000019817a18a40 Uncommon trap: trap_request=0xffffff45 fr.pc=0x0000019823e35014 relative=0x0000000000000074
Event: 1.179 Thread 0x0000019817a18a40 Uncommon trap: reason=unstable_if action=reinterpret pc=0x0000019823e35014 method=java.lang.CharacterDataLatin1.toLowerCase(I)I @ 16 c2
Event: 1.179 Thread 0x0000019817a18a40 DEOPT PACKING pc=0x0000019823e35014 sp=0x00000023dd9fb1a0
Event: 1.179 Thread 0x0000019817a18a40 DEOPT UNPACKING pc=0x00000198238d46a2 sp=0x00000023dd9fb130 mode 2
Event: 1.498 Thread 0x0000019817a18a40 DEOPT PACKING pc=0x000001981c367d4c sp=0x00000023dd9fc6e0
Event: 1.498 Thread 0x0000019817a18a40 DEOPT UNPACKING pc=0x00000198238d4e42 sp=0x00000023dd9fbb00 mode 0
Event: 1.531 Thread 0x0000019817a18a40 DEOPT PACKING pc=0x000001981c36694c sp=0x00000023dd9fe350
Event: 1.531 Thread 0x0000019817a18a40 DEOPT UNPACKING pc=0x00000198238d4e42 sp=0x00000023dd9fd7b8 mode 0

Classes loaded (20 events):
Event: 2.958 Loading class sun/security/ssl/OutputRecord$T13PaddingHolder
Event: 2.958 Loading class sun/security/ssl/OutputRecord$T13PaddingHolder done
Event: 2.958 Loading class sun/security/ssl/Ciphertext
Event: 2.958 Loading class sun/security/ssl/Ciphertext done
Event: 2.958 Loading class sun/security/ssl/PostHandshakeContext
Event: 2.959 Loading class sun/security/ssl/PostHandshakeContext done
Event: 2.959 Loading class javax/net/ssl/SSLEngineResult$Status
Event: 2.959 Loading class javax/net/ssl/SSLEngineResult$Status done
Event: 2.959 Loading class javax/net/ssl/SSLEngineResult
Event: 2.959 Loading class javax/net/ssl/SSLEngineResult done
Event: 2.960 Loading class java/lang/NoSuchFieldError
Event: 2.960 Loading class java/lang/NoSuchFieldError done
Event: 2.964 Loading class sun/nio/ch/IOVecWrapper
Event: 2.964 Loading class sun/nio/ch/IOVecWrapper done
Event: 2.964 Loading class sun/nio/ch/AllocatedNativeObject
Event: 2.964 Loading class sun/nio/ch/NativeObject
Event: 2.965 Loading class sun/nio/ch/NativeObject done
Event: 2.965 Loading class sun/nio/ch/AllocatedNativeObject done
Event: 2.965 Loading class sun/nio/ch/IOVecWrapper$Deallocator
Event: 2.966 Loading class sun/nio/ch/IOVecWrapper$Deallocator done

Classes unloaded (0 events):
No events

Classes redefined (0 events):
No events

Internal exceptions (20 events):
Event: 1.487 Thread 0x0000019817a18a40 Exception <a 'java/lang/NoSuchMethodError'{0x00000000a98ddfc0}: 'int java.lang.invoke.DirectMethodHandle$Holder.invokeVirtual(java.lang.Object, java.lang.Object)'> (0x00000000a98ddfc0) 
thrown [s\src\hotspot\share\interpreter\linkResolver.cpp, line 784]
Event: 1.488 Thread 0x0000019817a18a40 Exception <a 'java/lang/NoSuchMethodError'{0x00000000a98e2368}: 'int java.lang.invoke.DirectMethodHandle$Holder.invokeStaticInit(java.lang.Object, int, int)'> (0x00000000a98e2368) 
thrown [s\src\hotspot\share\interpreter\linkResolver.cpp, line 784]
Event: 1.490 Thread 0x0000019817a18a40 Exception <a 'java/lang/NoSuchMethodError'{0x00000000a98e9978}: 'int java.lang.invoke.DirectMethodHandle$Holder.invokeStaticInit(java.lang.Object, long, long)'> (0x00000000a98e9978) 
thrown [s\src\hotspot\share\interpreter\linkResolver.cpp, line 784]
Event: 1.491 Thread 0x0000019817a18a40 Exception <a 'java/lang/NoSuchMethodError'{0x00000000a98f0678}: 'int java.lang.invoke.DirectMethodHandle$Holder.invokeStaticInit(java.lang.Object, float, float)'> (0x00000000a98f0678) 
thrown [s\src\hotspot\share\interpreter\linkResolver.cpp, line 784]
Event: 1.492 Thread 0x0000019817a18a40 Exception <a 'java/lang/NoSuchMethodError'{0x00000000a98f7108}: 'int java.lang.invoke.DirectMethodHandle$Holder.invokeStaticInit(java.lang.Object, double, double)'> (0x00000000a98f7108) 
thrown [s\src\hotspot\share\interpreter\linkResolver.cpp, line 784]
Event: 1.493 Thread 0x0000019817a18a40 Exception <a 'java/lang/NoSuchMethodError'{0x00000000a98fb8b8}: 'int java.lang.invoke.DirectMethodHandle$Holder.invokeStatic(java.lang.Object, long)'> (0x00000000a98fb8b8) 
thrown [s\src\hotspot\share\interpreter\linkResolver.cpp, line 784]
Event: 1.502 Thread 0x0000019817a18a40 Exception <a 'java/lang/NoSuchMethodError'{0x00000000a97288f0}: 'java.lang.Object java.lang.invoke.DelegatingMethodHandle$Holder.delegate(java.lang.Object, int, java.lang.Object, java.lang.Object)'> (0x00000000a97288f0) 
thrown [s\src\hotspot\share\interpreter\linkResolver.cpp, line 784]
Event: 1.505 Thread 0x0000019817a18a40 Exception <a 'java/lang/NoSuchMethodError'{0x00000000a9737c10}: 'int java.lang.invoke.Invokers$Holder.linkToTargetMethod(java.lang.Object, java.lang.Object, java.lang.Object)'> (0x00000000a9737c10) 
thrown [s\src\hotspot\share\interpreter\linkResolver.cpp, line 784]
Event: 1.510 Thread 0x0000019817a18a40 Exception <a 'java/lang/NoSuchMethodError'{0x00000000a9766c28}: 'long java.lang.invoke.DirectMethodHandle$Holder.invokeSpecial(java.lang.Object, java.lang.Object)'> (0x00000000a9766c28) 
thrown [s\src\hotspot\share\interpreter\linkResolver.cpp, line 784]
Event: 1.512 Thread 0x0000019817a18a40 Exception <a 'java/lang/NoSuchMethodError'{0x00000000a976d4f8}: 'int java.lang.invoke.DirectMethodHandle$Holder.invokeStatic(java.lang.Object, java.lang.Object, java.lang.Object, java.lang.Object)'> (0x00000000a976d4f8) 
thrown [s\src\hotspot\share\interpreter\linkResolver.cpp, line 784]
Event: 1.513 Thread 0x0000019817a18a40 Exception <a 'java/lang/NoSuchMethodError'{0x00000000a9770918}: 'java.lang.Object java.lang.invoke.Invokers$Holder.invokeExact_MT(java.lang.Object, java.lang.Object, java.lang.Object, java.lang.Object, java.lang.Object, java.lang.Object)'> (0x00000000a9770918) 
thrown [s\src\hotspot\share\interpreter\linkResolver.cpp, line 784]
Event: 1.651 Thread 0x0000019817a18a40 Exception <a 'java/lang/NoSuchMethodError'{0x00000000a950e018}: 'java.lang.Object java.lang.invoke.DirectMethodHandle$Holder.newInvokeSpecial(java.lang.Object, java.lang.Object, java.lang.Object, java.lang.Object, java.lang.Object)'> (0x00000000a950e018) 
thrown [s\src\hotspot\share\interpreter\linkResolver.cpp, line 784]
Event: 1.711 Thread 0x0000019817a18a40 Exception <a 'java/lang/NoSuchMethodError'{0x00000000a946af68}: 'java.lang.Object java.lang.invoke.DirectMethodHandle$Holder.invokeSpecial(java.lang.Object, java.lang.Object, java.lang.Object, java.lang.Object, int)'> (0x00000000a946af68) 
thrown [s\src\hotspot\share\interpreter\linkResolver.cpp, line 784]
Event: 1.711 Thread 0x0000019817a18a40 Exception <a 'java/lang/NoSuchMethodError'{0x00000000a946e8d0}: 'java.lang.Object java.lang.invoke.Invokers$Holder.linkToTargetMethod(java.lang.Object, java.lang.Object, int, java.lang.Object)'> (0x00000000a946e8d0) 
thrown [s\src\hotspot\share\interpreter\linkResolver.cpp, line 784]
Event: 1.723 Thread 0x0000019817a18a40 Exception <a 'java/lang/NoSuchMethodError'{0x00000000a9499ba0}: 'void java.lang.invoke.DirectMethodHandle$Holder.invokeSpecial(java.lang.Object, java.lang.Object, java.lang.Object)'> (0x00000000a9499ba0) 
thrown [s\src\hotspot\share\interpreter\linkResolver.cpp, line 784]
Event: 1.745 Thread 0x00000198353201e0 Exception <a 'java/lang/NoSuchMethodError'{0x00000000a9380190}: 'void java.lang.invoke.DirectMethodHandle$Holder.invokeStatic(java.lang.Object, java.lang.Object, int)'> (0x00000000a9380190) 
thrown [s\src\hotspot\share\interpreter\linkResolver.cpp, line 784]
Event: 1.759 Thread 0x0000019817a18a40 Exception <a 'java/lang/NoSuchMethodError'{0x00000000a9320248}: 'void java.lang.invoke.DirectMethodHandle$Holder.invokeSpecial(java.lang.Object, java.lang.Object, java.lang.Object, java.lang.Object, java.lang.Object)'> (0x00000000a9320248) 
thrown [s\src\hotspot\share\interpreter\linkResolver.cpp, line 784]
Event: 1.762 Thread 0x00000198353201e0 Exception <a 'java/lang/NoSuchMethodError'{0x00000000a93b9638}: 'void java.lang.invoke.DirectMethodHandle$Holder.invokeStatic(java.lang.Object, java.lang.Object)'> (0x00000000a93b9638) 
thrown [s\src\hotspot\share\interpreter\linkResolver.cpp, line 784]
Event: 1.766 Thread 0x00000198353af6b0 Exception <a 'java/lang/NoSuchMethodError'{0x00000000a920ba20}: 'void java.lang.invoke.DirectMethodHandle$Holder.invokeInterface(java.lang.Object, java.lang.Object, java.lang.Object)'> (0x00000000a920ba20) 
thrown [s\src\hotspot\share\interpreter\linkResolver.cpp, line 784]
Event: 1.778 Thread 0x00000198353af6b0 Exception <a 'java/lang/NoSuchMethodError'{0x00000000a9251370}: 'void java.lang.invoke.DirectMethodHandle$Holder.invokeVirtual(java.lang.Object, java.lang.Object)'> (0x00000000a9251370) 
thrown [s\src\hotspot\share\interpreter\linkResolver.cpp, line 784]

ZGC Phase Switch (0 events):
No events

VM Operations (12 events):
Event: 0.497 Executing VM operation: HandshakeAllThreads (Deoptimize)
Event: 0.497 Executing VM operation: HandshakeAllThreads (Deoptimize) done
Event: 0.986 Executing VM operation: HandshakeAllThreads (Deoptimize)
Event: 0.986 Executing VM operation: HandshakeAllThreads (Deoptimize) done
Event: 1.302 Executing VM operation: HandshakeAllThreads (Deoptimize)
Event: 1.302 Executing VM operation: HandshakeAllThreads (Deoptimize) done
Event: 1.302 Executing VM operation: Cleanup
Event: 1.302 Executing VM operation: Cleanup done
Event: 2.307 Executing VM operation: Cleanup
Event: 2.863 Executing VM operation: Cleanup done
Event: 3.875 Executing VM operation: Cleanup
Event: 3.875 Executing VM operation: Cleanup done

Memory protections (0 events):
No events

Nmethod flushes (0 events):
No events

Events (19 events):
Event: 0.183 Thread 0x0000019817a18a40 Thread added: 0x0000019817a18a40
Event: 0.378 Thread 0x0000019817a18a40 Thread added: 0x00000198307e7790
Event: 0.378 Thread 0x0000019817a18a40 Thread added: 0x00000198307ead70
Event: 0.379 Thread 0x0000019817a18a40 Thread added: 0x00000198307d3300
Event: 0.379 Thread 0x0000019817a18a40 Thread added: 0x00000198307d3d50
Event: 0.380 Thread 0x0000019817a18a40 Thread added: 0x000001983080bc90
Event: 0.380 Thread 0x0000019817a18a40 Thread added: 0x000001983080ee70
Event: 0.380 Thread 0x0000019817a18a40 Thread added: 0x0000019830810ee0
Event: 0.380 Thread 0x0000019817a18a40 Thread added: 0x0000019830815720
Event: 0.428 Thread 0x0000019817a18a40 Thread added: 0x00000198309a6fc0
Event: 0.444 Thread 0x0000019817a18a40 Thread added: 0x00000198309b1640
Event: 0.463 Loaded shared library C:\Program Files\Android\Android Studio\jbr\bin\net.dll
Event: 0.467 Loaded shared library C:\Program Files\Android\Android Studio\jbr\bin\nio.dll
Event: 0.485 Loaded shared library C:\Program Files\Android\Android Studio\jbr\bin\zip.dll
Event: 1.081 Loaded shared library C:\Program Files\Android\Android Studio\jbr\bin\jimage.dll
Event: 1.633 Loaded shared library C:\Program Files\Android\Android Studio\jbr\bin\extnet.dll
Event: 1.643 Thread 0x0000019817a18a40 Thread added: 0x00000198353201e0
Event: 1.761 Thread 0x00000198353201e0 Thread added: 0x00000198353af6b0
Event: 1.797 Thread 0x00000198353201e0 Thread added: 0x00000198353fa890


Dynamic libraries:
0x00007ff749de0000 - 0x00007ff749dea000 	C:\Program Files\Android\Android Studio\jbr\bin\java.exe
0x00007ff9443c0000 - 0x00007ff944626000 	C:\WINDOWS\SYSTEM32\ntdll.dll
0x00007ff943580000 - 0x00007ff943649000 	C:\WINDOWS\System32\KERNEL32.DLL
0x00007ff9419e0000 - 0x00007ff941dac000 	C:\WINDOWS\System32\KERNELBASE.dll
0x00007ff9415b0000 - 0x00007ff9416fb000 	C:\WINDOWS\System32\ucrtbase.dll
0x00007ff92f140000 - 0x00007ff92f158000 	C:\Program Files\Android\Android Studio\jbr\bin\jli.dll
0x00007ff933ef0000 - 0x00007ff933f0b000 	C:\Program Files\Android\Android Studio\jbr\bin\VCRUNTIME140.dll
0x00007ff944050000 - 0x00007ff94421a000 	C:\WINDOWS\System32\USER32.dll
0x00007ff942120000 - 0x00007ff942147000 	C:\WINDOWS\System32\win32u.dll
0x00007ff9203d0000 - 0x00007ff92066a000 	C:\WINDOWS\WinSxS\amd64_microsoft.windows.common-controls_6595b64144ccf1df_6.0.26100.3912_none_3e07963ce335137e\COMCTL32.dll
0x00007ff943940000 - 0x00007ff94396b000 	C:\WINDOWS\System32\GDI32.dll
0x00007ff941db0000 - 0x00007ff941ee2000 	C:\WINDOWS\System32\gdi32full.dll
0x00007ff943ef0000 - 0x00007ff943f99000 	C:\WINDOWS\System32\msvcrt.dll
0x00007ff941ef0000 - 0x00007ff941f93000 	C:\WINDOWS\System32\msvcp_win.dll
0x00007ff943860000 - 0x00007ff943890000 	C:\WINDOWS\System32\IMM32.DLL
0x00007ff934d90000 - 0x00007ff934d9c000 	C:\Program Files\Android\Android Studio\jbr\bin\vcruntime140_1.dll
0x00007ff92e840000 - 0x00007ff92e8cd000 	C:\Program Files\Android\Android Studio\jbr\bin\msvcp140.dll
0x00007ff8a04f0000 - 0x00007ff8a117a000 	C:\Program Files\Android\Android Studio\jbr\bin\server\jvm.dll
0x00007ff9434c0000 - 0x00007ff943572000 	C:\WINDOWS\System32\ADVAPI32.dll
0x00007ff9442a0000 - 0x00007ff944346000 	C:\WINDOWS\System32\sechost.dll
0x00007ff9424e0000 - 0x00007ff9425f6000 	C:\WINDOWS\System32\RPCRT4.dll
0x00007ff942c90000 - 0x00007ff942d04000 	C:\WINDOWS\System32\WS2_32.dll
0x00007ff926f40000 - 0x00007ff926f4b000 	C:\WINDOWS\SYSTEM32\VERSION.dll
0x00007ff9411b0000 - 0x00007ff94120e000 	C:\WINDOWS\SYSTEM32\POWRPROF.dll
0x00007ff936890000 - 0x00007ff9368c6000 	C:\WINDOWS\SYSTEM32\WINMM.dll
0x00007ff941190000 - 0x00007ff9411a4000 	C:\WINDOWS\SYSTEM32\UMPDC.dll
0x00007ff9402e0000 - 0x00007ff9402fa000 	C:\WINDOWS\SYSTEM32\kernel.appcore.dll
0x00007ff934d20000 - 0x00007ff934d2a000 	C:\Program Files\Android\Android Studio\jbr\bin\jimage.dll
0x00007ff93ed40000 - 0x00007ff93ef81000 	C:\WINDOWS\SYSTEM32\DBGHELP.DLL
0x00007ff942150000 - 0x00007ff9424d4000 	C:\WINDOWS\System32\combase.dll
0x00007ff943ae0000 - 0x00007ff943bc0000 	C:\WINDOWS\System32\OLEAUT32.dll
0x00007ff914700000 - 0x00007ff914739000 	C:\WINDOWS\SYSTEM32\dbgcore.DLL
0x00007ff9417c0000 - 0x00007ff941859000 	C:\WINDOWS\System32\bcryptPrimitives.dll
0x00007ff933450000 - 0x00007ff933470000 	C:\Program Files\Android\Android Studio\jbr\bin\java.dll
0x00007ff931310000 - 0x00007ff931328000 	C:\Program Files\Android\Android Studio\jbr\bin\zip.dll
0x00007ff942d10000 - 0x00007ff94343d000 	C:\WINDOWS\System32\SHELL32.dll
0x00007ff941860000 - 0x00007ff9419d4000 	C:\WINDOWS\System32\wintypes.dll
0x00007ff93f190000 - 0x00007ff93f9e6000 	C:\WINDOWS\SYSTEM32\windows.storage.dll
0x00007ff9436c0000 - 0x00007ff9437af000 	C:\WINDOWS\System32\SHCORE.dll
0x00007ff943d80000 - 0x00007ff943de9000 	C:\WINDOWS\System32\shlwapi.dll
0x00007ff941430000 - 0x00007ff94145f000 	C:\WINDOWS\SYSTEM32\profapi.dll
0x00007ff933440000 - 0x00007ff933450000 	C:\Program Files\Android\Android Studio\jbr\bin\net.dll
0x00007ff935960000 - 0x00007ff935a7e000 	C:\WINDOWS\SYSTEM32\WINHTTP.dll
0x00007ff940850000 - 0x00007ff9408ba000 	C:\WINDOWS\system32\mswsock.dll
0x00007ff9312f0000 - 0x00007ff931306000 	C:\Program Files\Android\Android Studio\jbr\bin\nio.dll
0x00007ff940af0000 - 0x00007ff940b0c000 	C:\WINDOWS\SYSTEM32\CRYPTSP.dll
0x00007ff940240000 - 0x00007ff94027a000 	C:\WINDOWS\system32\rsaenh.dll
0x00007ff9408f0000 - 0x00007ff94091b000 	C:\WINDOWS\SYSTEM32\USERENV.dll
0x00007ff941400000 - 0x00007ff941426000 	C:\WINDOWS\SYSTEM32\bcrypt.dll
0x00007ff940b10000 - 0x00007ff940b1c000 	C:\WINDOWS\SYSTEM32\CRYPTBASE.dll
0x00007ff93fd50000 - 0x00007ff93fd83000 	C:\WINDOWS\SYSTEM32\IPHLPAPI.DLL
0x00007ff943900000 - 0x00007ff94390a000 	C:\WINDOWS\System32\NSI.dll
0x00007ff933730000 - 0x00007ff933738000 	C:\WINDOWS\system32\wshunix.dll
0x00007ff931290000 - 0x00007ff931299000 	C:\Program Files\Android\Android Studio\jbr\bin\extnet.dll

dbghelp: loaded successfully - version: 4.0.5 - missing functions: none
symbol engine: initialized successfully - sym options: 0x614 - pdb path: .;C:\Program Files\Android\Android Studio\jbr\bin;C:\WINDOWS\SYSTEM32;C:\WINDOWS\WinSxS\amd64_microsoft.windows.common-controls_6595b64144ccf1df_6.0.26100.3912_none_3e07963ce335137e;C:\Program Files\Android\Android Studio\jbr\bin\server

VM Arguments:
java_command: git4idea.http.GitAskPassApp Username for 'https://github.com': 
java_class_path (initial): C:/Program Files/Android/Android Studio/plugins/vcs-git/lib/git4idea-rt.jar;C:/Program Files/Android/Android Studio/lib/externalProcess-rt.jar
Launcher Type: SUN_STANDARD

[Global flags]
     intx CICompilerCount                          = 4                                         {product} {ergonomic}
     uint ConcGCThreads                            = 2                                         {product} {ergonomic}
     uint G1ConcRefinementThreads                  = 8                                         {product} {ergonomic}
   size_t G1HeapRegionSize                         = 1048576                                   {product} {ergonomic}
    uintx GCDrainStackTargetSize                   = 64                                        {product} {ergonomic}
   size_t InitialHeapSize                          = 96468992                                  {product} {ergonomic}
   size_t MarkStackSize                            = 4194304                                   {product} {ergonomic}
   size_t MaxHeapSize                              = 1541406720                                {product} {ergonomic}
   size_t MaxNewSize                               = 924844032                                 {product} {ergonomic}
   size_t MinHeapDeltaBytes                        = 1048576                                   {product} {ergonomic}
   size_t MinHeapSize                              = 8388608                                   {product} {ergonomic}
    uintx NonNMethodCodeHeapSize                   = 5839372                                {pd product} {ergonomic}
    uintx NonProfiledCodeHeapSize                  = 122909434                              {pd product} {ergonomic}
    uintx ProfiledCodeHeapSize                     = 122909434                              {pd product} {ergonomic}
    uintx ReservedCodeCacheSize                    = 251658240                              {pd product} {ergonomic}
     bool SegmentedCodeCache                       = true                                      {product} {ergonomic}
   size_t SoftMaxHeapSize                          = 1541406720                             {manageable} {ergonomic}
     bool UseCompressedOops                        = true                           {product lp64_product} {ergonomic}
     bool UseG1GC                                  = true                                      {product} {ergonomic}
     bool UseLargePagesIndividualAllocation        = false                                  {pd product} {ergonomic}

Logging:
Log output configuration:
 #0: stdout all=warning uptime,level,tags foldmultilines=false
 #1: stderr all=off uptime,level,tags foldmultilines=false

Environment Variables:
PATH=C:\Program Files\Git\mingw64\libexec\git-core;C:\Program Files\Git\mingw64\libexec\git-core;C:\Program Files\Git\mingw64\bin;C:\Program Files\Git\usr\bin;C:\Users\munya\bin;C:\Program Files\Microsoft SDKs\Azure\CLI2\wbin;C:\app\munya\product\21c\dbhomeXE\bin;C:\Program Files\Common Files\Oracle\Java\javapath;C:\WINDOWS\system32;C:\WINDOWS;C:\WINDOWS\System32\Wbem;C:\WINDOWS\System32\WindowsPowerShell\v1.0;C:\WINDOWS\System32\OpenSSH;C:\Program Files\Microsoft SQL Server\150\Tools\Binn;C:\Program Files\Microsoft SQL Server\Client SDK\ODBC\170\Tools\Binn;C:\Program Files\dotnet;C:\Program Files\nodejs;C:\ProgramData\chocolatey\bin;C:\Program Files\Docker\Docker\resources\bin;C:\Program Files\Git\cmd;C:\Program Files (x86)\Microsoft SQL Server\160\DTS\Binn;C:\Users\munya\AppData\Local\Programs\Python\Launcher;C:\Users\munya\AppData\Local\Microsoft\WindowsApps;C:\Users\munya\.dotnet\tools;C:\Users\munya\AppData\Local\Microsoft\WinGet\Packages\Schniz.fnm_Microsoft.Winget.Source_8wekyb3d8bbwe;C:\Users\munya\AppData\Roaming\npm;C:\Users\munya\AppData\Local\Programs\Microsoft VS Code\bin;C:\Program Files\JetBrains\IntelliJ IDEA 2024.3.4.1\bin
USERNAME=munya
DISPLAY=:0.0
LC_ALL=en_US.UTF-8
TERM=xterm-256color
TMPDIR=C:\Users\munya\AppData\Local\Temp
OS=Windows_NT
PROCESSOR_IDENTIFIER=AMD64 Family 23 Model 160 Stepping 0, AuthenticAMD
TMP=C:\Users\munya\AppData\Local\Temp
TEMP=C:\Users\munya\AppData\Local\Temp




Periodic native trim disabled

JNI global refs:
JNI global refs: 20, weak refs: 0

JNI global refs memory usage: 835, weak refs: 201

Process memory usage:
Resident Set Size: 67224K (1% of 6018300K total physical memory with 70260K free physical memory)

OOME stack traces (most recent first):
Classloader memory used:
Loader bootstrap                                                                       : 14301K
Loader jdk.internal.loader.ClassLoaders$PlatformClassLoader                            : 1496K
Loader jdk.internal.loader.ClassLoaders$AppClassLoader                                 : 16400B

---------------  S Y S T E M  ---------------

OS:
 Windows 11 , 64 bit Build 26100 (10.0.26100.3912)
OS uptime: 0 days 2:10 hours
Hyper-V role detected

CPU: total 8 (initial active 8) (8 cores per cpu, 2 threads per core) family 23 model 160 stepping 0 microcode 0x8a00006, cx8, cmov, fxsr, ht, mmx, 3dnowpref, sse, sse2, sse3, ssse3, sse4a, sse4.1, sse4.2, popcnt, lzcnt, tsc, tscinvbit, avx, avx2, aes, clmul, bmi1, bmi2, adx, sha, fma, vzeroupper, clflush, clflushopt, hv, rdtscp, rdpid, f16c
Processor Information for all 8 processors :
  Max Mhz: 2801, Current Mhz: 2801, Mhz Limit: 2801

Memory: 4k page, system-wide physical 5877M (68M free)
TotalPageFile size 24309M (AvailPageFile size 6M)
current process WorkingSet (physical memory assigned to process): 65M, peak: 78M
current process commit charge ("private bytes"): 193M, peak: 194M

vm_info: OpenJDK 64-Bit Server VM (21.0.5+-12932927-b750.29) for windows-amd64 JRE (21.0.5+-12932927-b750.29), built on 2025-01-17T02:01:10Z by "builder" with MS VC++ 16.10 / 16.11 (VS2019)

END.
