#
# There is insufficient memory for the Java Runtime Environment to continue.
# Native memory allocation (mmap) failed to map 96468992 bytes. Error detail: G1 virtual space
# Possible reasons:
#   The system is out of physical RAM or swap space
#   This process is running with CompressedOops enabled, and the Java Heap may be blocking the growth of the native heap
# Possible solutions:
#   Reduce memory load on the system
#   Increase physical memory or swap space
#   Check if swap backing store is full
#   Decrease Java heap size (-Xmx/-Xms)
#   Decrease number of Java threads
#   Decrease Java thread stack sizes (-Xss)
#   Set larger code cache with -XX:ReservedCodeCacheSize=
#   JVM is running with Unscaled Compressed Oops mode in which the Java heap is
#     placed in the first 4GB address space. The Java Heap base address is the
#     maximum limit for the native heap growth. Please use -XX:HeapBaseMinAddress
#     to set the Java Heap base and to place the Java Heap above 4GB virtual address.
# This output file may be truncated or incomplete.
#
#  Out of Memory Error (os_windows.cpp:3828), pid=44444, tid=51100
#
# JRE version:  (21.0.5) (build )
# Java VM: OpenJDK 64-Bit Server VM (21.0.5+-12932927-b750.29, mixed mode, sharing, tiered, compressed oops, compressed class ptrs, g1 gc, windows-amd64)
# No core dump will be written. Minidumps are not enabled by default on client versions of Windows
#

---------------  S U M M A R Y ------------

Command Line: git4idea.http.GitAskPassApp Username for 'https://github.com': 

Host: AMD Ryzen 5 7520U with Radeon Graphics         , 8 cores, 5G,  Windows 11 , 64 bit Build 26100 (10.0.26100.3912)
Time: Fri May  2 16:41:46 2025 South Africa Standard Time elapsed time: 2.052495 seconds (0d 0h 0m 2s)

---------------  T H R E A D  ---------------

Current thread (0x0000015bd88ff820):  JavaThread "Unknown thread" [_thread_in_vm, id=51100, stack(0x0000005628300000,0x0000005628400000) (1024K)]

Stack: [0x0000005628300000,0x0000005628400000]
Native frames: (J=compiled Java code, j=interpreted, Vv=VM code, C=native code)
V  [jvm.dll+0x6cfb29]
V  [jvm.dll+0x85ded3]
V  [jvm.dll+0x86042e]
V  [jvm.dll+0x860b13]
V  [jvm.dll+0x27e6b6]
V  [jvm.dll+0x6cc385]
V  [jvm.dll+0x6c078a]
V  [jvm.dll+0x35525b]
V  [jvm.dll+0x35ceb6]
V  [jvm.dll+0x3aedd6]
V  [jvm.dll+0x3af0a8]
V  [jvm.dll+0x32792c]
V  [jvm.dll+0x32861b]
V  [jvm.dll+0x825919]
V  [jvm.dll+0x3bbfa8]
V  [jvm.dll+0x80ec88]
V  [jvm.dll+0x45015e]
V  [jvm.dll+0x4518c1]
C  [jli.dll+0x52ab]
C  [ucrtbase.dll+0x37b0]
C  [KERNEL32.DLL+0x2e8d7]
C  [ntdll.dll+0x9c5dc]


---------------  P R O C E S S  ---------------

Threads class SMR info:
_java_thread_list=0x00007fff16c70808, length=0, elements={
}

Java Threads: ( => current thread )
Total: 0

Other Threads:
  0x0000015bd8945be0 WorkerThread "GC Thread#0"                     [id=48652, stack(0x0000005628400000,0x0000005628500000) (1024K)]
  0x0000015bd8952380 ConcurrentGCThread "G1 Main Marker"            [id=32076, stack(0x0000005628500000,0x0000005628600000) (1024K)]
  0x0000015bd89544d0 WorkerThread "G1 Conc#0"                       [id=50392, stack(0x0000005628600000,0x0000005628700000) (1024K)]

[error occurred during error reporting (printing all threads), id 0xc0000005, EXCEPTION_ACCESS_VIOLATION (0xc0000005) at pc=0x00007fff1646a967]
VM state: not at safepoint (not fully initialized)

VM Mutex/Monitor currently owned by a thread:  ([mutex/lock_event])
[0x00007fff16cdd460] Heap_lock - owner thread: 0x0000015bd88ff820

Heap address: 0x00000000a4200000, size: 1470 MB, Compressed Oops mode: 32-bit

CDS archive(s) mapped at: [0x0000000000000000-0x0000000000000000-0x0000000000000000), size 0, SharedBaseAddress: 0x0000000800000000, ArchiveRelocationMode: 1.
Narrow klass base: 0x0000000000000000, Narrow klass shift: 0, Narrow klass range: 0x0

GC Precious Log:
 CardTable entry size: 512
 Card Set container configuration: InlinePtr #cards 5 size 8 Array Of Cards #cards 12 size 40 Howl #buckets 4 coarsen threshold 1843 Howl Bitmap #cards 512 size 80 coarsen threshold 460 Card regions per heap region 1 cards per card region 2048

Heap:
 garbage-first heap   total 0K, used 0K [0x00000000a4200000, 0x0000000100000000)
  region size 1024K, 0 young (0K), 0 survivors (0K)
 Metaspace       used 0K, committed 0K, reserved 0K
  class space    used 0K, committed 0K, reserved 0K

Heap Regions: E=young(eden), S=young(survivor), O=old, HS=humongous(starts), HC=humongous(continues), CS=collection set, F=free, TAMS=top-at-mark-start, PB=parsable bottom

Card table byte_map: [0x0000015becfd0000,0x0000015bed2b0000] _byte_map_base: 0x0000015becaaf000

Marking Bits: (CMBitMap*) 0x0000015bd89462e0
 Bits: [0x0000015bed2b0000, 0x0000015bee9a8000)

GC Heap History (0 events):
No events

Dll operation events (1 events):
Event: 0.021 Loaded shared library C:\Program Files\Android\Android Studio\jbr\bin\java.dll

Deoptimization events (0 events):
No events

Classes loaded (0 events):
No events

Classes unloaded (0 events):
No events

Classes redefined (0 events):
No events

Internal exceptions (0 events):
No events

ZGC Phase Switch (0 events):
No events

VM Operations (0 events):
No events

Memory protections (0 events):
No events

Nmethod flushes (0 events):
No events

Events (0 events):
No events


Dynamic libraries:
0x00007ff612840000 - 0x00007ff61284a000 	C:\Program Files\Android\Android Studio\jbr\bin\java.exe
0x00007fffa17c0000 - 0x00007fffa1a26000 	C:\WINDOWS\SYSTEM32\ntdll.dll
0x00007fff9fbf0000 - 0x00007fff9fcb9000 	C:\WINDOWS\System32\KERNEL32.DLL
0x00007fff9ec50000 - 0x00007fff9f01c000 	C:\WINDOWS\System32\KERNELBASE.dll
0x00007fff9f280000 - 0x00007fff9f3cb000 	C:\WINDOWS\System32\ucrtbase.dll
0x00007fff87fd0000 - 0x00007fff87fe8000 	C:\Program Files\Android\Android Studio\jbr\bin\jli.dll
0x00007fffa1500000 - 0x00007fffa16ca000 	C:\WINDOWS\System32\USER32.dll
0x00007fff88180000 - 0x00007fff8819b000 	C:\Program Files\Android\Android Studio\jbr\bin\VCRUNTIME140.dll
0x00007fff9f0d0000 - 0x00007fff9f0f7000 	C:\WINDOWS\System32\win32u.dll
0x00007fff79420000 - 0x00007fff796ba000 	C:\WINDOWS\WinSxS\amd64_microsoft.windows.common-controls_6595b64144ccf1df_6.0.26100.3912_none_3e07963ce335137e\COMCTL32.dll
0x00007fff9fa60000 - 0x00007fff9fa8b000 	C:\WINDOWS\System32\GDI32.dll
0x00007fff9f620000 - 0x00007fff9f6c9000 	C:\WINDOWS\System32\msvcrt.dll
0x00007fff9ea50000 - 0x00007fff9eb82000 	C:\WINDOWS\System32\gdi32full.dll
0x00007fff9f020000 - 0x00007fff9f0c3000 	C:\WINDOWS\System32\msvcp_win.dll
0x00007fff9f550000 - 0x00007fff9f580000 	C:\WINDOWS\System32\IMM32.DLL
0x00007fff90c00000 - 0x00007fff90c0c000 	C:\Program Files\Android\Android Studio\jbr\bin\vcruntime140_1.dll
0x00007fff73f90000 - 0x00007fff7401d000 	C:\Program Files\Android\Android Studio\jbr\bin\msvcp140.dll
0x00007fff16130000 - 0x00007fff16dba000 	C:\Program Files\Android\Android Studio\jbr\bin\server\jvm.dll
0x00007fffa11d0000 - 0x00007fffa1282000 	C:\WINDOWS\System32\ADVAPI32.dll
0x00007fffa0bc0000 - 0x00007fffa0c66000 	C:\WINDOWS\System32\sechost.dll
0x00007fffa10b0000 - 0x00007fffa11c6000 	C:\WINDOWS\System32\RPCRT4.dll
0x00007fffa1400000 - 0x00007fffa1474000 	C:\WINDOWS\System32\WS2_32.dll
0x00007fff9e4f0000 - 0x00007fff9e54e000 	C:\WINDOWS\SYSTEM32\POWRPROF.dll
0x00007fff90a00000 - 0x00007fff90a0b000 	C:\WINDOWS\SYSTEM32\VERSION.dll
0x00007fff93f10000 - 0x00007fff93f46000 	C:\WINDOWS\SYSTEM32\WINMM.dll
0x00007fff9e4d0000 - 0x00007fff9e4e4000 	C:\WINDOWS\SYSTEM32\UMPDC.dll
0x00007fff9d6e0000 - 0x00007fff9d6fa000 	C:\WINDOWS\SYSTEM32\kernel.appcore.dll
0x00007fff90240000 - 0x00007fff9024a000 	C:\Program Files\Android\Android Studio\jbr\bin\jimage.dll
0x00007fff9c2f0000 - 0x00007fff9c531000 	C:\WINDOWS\SYSTEM32\DBGHELP.DLL
0x00007fff9f6d0000 - 0x00007fff9fa54000 	C:\WINDOWS\System32\combase.dll
0x00007fff9fb00000 - 0x00007fff9fbe0000 	C:\WINDOWS\System32\OLEAUT32.dll
0x00007fff7b4d0000 - 0x00007fff7b509000 	C:\WINDOWS\SYSTEM32\dbgcore.DLL
0x00007fff9e9b0000 - 0x00007fff9ea49000 	C:\WINDOWS\System32\bcryptPrimitives.dll
0x00007fff88160000 - 0x00007fff88180000 	C:\Program Files\Android\Android Studio\jbr\bin\java.dll

dbghelp: loaded successfully - version: 4.0.5 - missing functions: none
symbol engine: initialized successfully - sym options: 0x614 - pdb path: .;C:\Program Files\Android\Android Studio\jbr\bin;C:\WINDOWS\SYSTEM32;C:\WINDOWS\WinSxS\amd64_microsoft.windows.common-controls_6595b64144ccf1df_6.0.26100.3912_none_3e07963ce335137e;C:\Program Files\Android\Android Studio\jbr\bin\server

VM Arguments:
java_command: git4idea.http.GitAskPassApp Username for 'https://github.com': 
java_class_path (initial): C:/Program Files/Android/Android Studio/plugins/vcs-git/lib/git4idea-rt.jar;C:/Program Files/Android/Android Studio/lib/externalProcess-rt.jar
Launcher Type: SUN_STANDARD

[Global flags]
     intx CICompilerCount                          = 4                                         {product} {ergonomic}
     uint ConcGCThreads                            = 2                                         {product} {ergonomic}
     uint G1ConcRefinementThreads                  = 8                                         {product} {ergonomic}
   size_t G1HeapRegionSize                         = 1048576                                   {product} {ergonomic}
    uintx GCDrainStackTargetSize                   = 64                                        {product} {ergonomic}
   size_t InitialHeapSize                          = 96468992                                  {product} {ergonomic}
   size_t MarkStackSize                            = 4194304                                   {product} {ergonomic}
   size_t MaxHeapSize                              = 1541406720                                {product} {ergonomic}
   size_t MinHeapDeltaBytes                        = 1048576                                   {product} {ergonomic}
   size_t MinHeapSize                              = 8388608                                   {product} {ergonomic}
    uintx NonNMethodCodeHeapSize                   = 5839372                                {pd product} {ergonomic}
    uintx NonProfiledCodeHeapSize                  = 122909434                              {pd product} {ergonomic}
    uintx ProfiledCodeHeapSize                     = 122909434                              {pd product} {ergonomic}
    uintx ReservedCodeCacheSize                    = 251658240                              {pd product} {ergonomic}
     bool SegmentedCodeCache                       = true                                      {product} {ergonomic}
   size_t SoftMaxHeapSize                          = 1541406720                             {manageable} {ergonomic}
     bool UseCompressedOops                        = true                           {product lp64_product} {ergonomic}
     bool UseG1GC                                  = true                                      {product} {ergonomic}
     bool UseLargePagesIndividualAllocation        = false                                  {pd product} {ergonomic}

Logging:
Log output configuration:
 #0: stdout all=warning uptime,level,tags foldmultilines=false
 #1: stderr all=off uptime,level,tags foldmultilines=false

Environment Variables:
PATH=C:\Program Files\Git\mingw64\libexec\git-core;C:\Program Files\Git\mingw64\libexec\git-core;C:\Program Files\Git\mingw64\bin;C:\Program Files\Git\usr\bin;C:\Users\munya\bin;C:\Program Files\Microsoft SDKs\Azure\CLI2\wbin;C:\app\munya\product\21c\dbhomeXE\bin;C:\Program Files\Common Files\Oracle\Java\javapath;C:\WINDOWS\system32;C:\WINDOWS;C:\WINDOWS\System32\Wbem;C:\WINDOWS\System32\WindowsPowerShell\v1.0;C:\WINDOWS\System32\OpenSSH;C:\Program Files\Microsoft SQL Server\150\Tools\Binn;C:\Program Files\Microsoft SQL Server\Client SDK\ODBC\170\Tools\Binn;C:\Program Files\dotnet;C:\Program Files\nodejs;C:\ProgramData\chocolatey\bin;C:\Program Files\Docker\Docker\resources\bin;C:\Program Files\Git\cmd;C:\Program Files (x86)\Microsoft SQL Server\160\DTS\Binn;C:\Users\munya\AppData\Local\Programs\Python\Launcher;C:\Users\munya\AppData\Local\Microsoft\WindowsApps;C:\Users\munya\.dotnet\tools;C:\Users\munya\AppData\Local\Programs\mongosh;C:\Users\munya\AppData\Local\Microsoft\WinGet\Packages\Schniz.fnm_Microsoft.Winget.Source_8wekyb3d8bbwe;C:\Users\munya\AppData\Roaming\npm;C:\Users\munya\AppData\Local\Programs\Microsoft VS Code\bin;C:\Program Files\JetBrains\IntelliJ IDEA 2024.3.4.1\bin
USERNAME=munya
DISPLAY=:0.0
LC_ALL=en_US.UTF-8
TERM=xterm-256color
TMPDIR=C:\Users\munya\AppData\Local\Temp
OS=Windows_NT
PROCESSOR_IDENTIFIER=AMD64 Family 23 Model 160 Stepping 0, AuthenticAMD
TMP=C:\Users\munya\AppData\Local\Temp
TEMP=C:\Users\munya\AppData\Local\Temp




Periodic native trim disabled

JNI global refs:
JNI global refs: 0, weak refs: 0

JNI global refs memory usage: 0, weak refs: 0

Process memory usage:
Resident Set Size: 12112K (0% of 6018300K total physical memory with 425192K free physical memory)

OOME stack traces (most recent first):
Classloader memory used:

---------------  S Y S T E M  ---------------

OS:
 Windows 11 , 64 bit Build 26100 (10.0.26100.3912)
OS uptime: 0 days 6:05 hours
Hyper-V role detected

CPU: total 8 (initial active 8) (8 cores per cpu, 2 threads per core) family 23 model 160 stepping 0 microcode 0x8a00006, cx8, cmov, fxsr, ht, mmx, 3dnowpref, sse, sse2, sse3, ssse3, sse4a, sse4.1, sse4.2, popcnt, lzcnt, tsc, tscinvbit, avx, avx2, aes, clmul, bmi1, bmi2, adx, sha, fma, vzeroupper, clflush, clflushopt, hv, rdtscp, rdpid, f16c
Processor Information for processor 0
  Max Mhz: 2801, Current Mhz: 2483, Mhz Limit: 2801
Processor Information for processor 1
  Max Mhz: 2801, Current Mhz: 2483, Mhz Limit: 2801
Processor Information for processor 2
  Max Mhz: 2801, Current Mhz: 2801, Mhz Limit: 2801
Processor Information for processor 3
  Max Mhz: 2801, Current Mhz: 2483, Mhz Limit: 2801
Processor Information for processor 4
  Max Mhz: 2801, Current Mhz: 2801, Mhz Limit: 2801
Processor Information for processor 5
  Max Mhz: 2801, Current Mhz: 2483, Mhz Limit: 2801
Processor Information for processor 6
  Max Mhz: 2801, Current Mhz: 2801, Mhz Limit: 2801
Processor Information for processor 7
  Max Mhz: 2801, Current Mhz: 2483, Mhz Limit: 2801

Memory: 4k page, system-wide physical 5877M (415M free)
TotalPageFile size 24309M (AvailPageFile size 60M)
current process WorkingSet (physical memory assigned to process): 11M, peak: 11M
current process commit charge ("private bytes"): 60M, peak: 152M

vm_info: OpenJDK 64-Bit Server VM (21.0.5+-12932927-b750.29) for windows-amd64 JRE (21.0.5+-12932927-b750.29), built on 2025-01-17T02:01:10Z by "builder" with MS VC++ 16.10 / 16.11 (VS2019)

END.
